app/build/intermediates/manifest_merge_blame_file/debug/processDebugMainManifest/manifest-merger-blame-debug-report.txt
1<?xml version="1.0" encoding="utf-8"?>
2<manifest xmlns:android="http://schemas.android.com/apk/res/android"
3    package="com.example.smartsplitter"
4    android:versionCode="1"
5    android:versionName="1.0" >
6
7    <uses-sdk
8        android:minSdkVersion="26"
9        android:targetSdkVersion="34" />
10
11    <uses-permission android:name="android.permission.CAMERA" />
11-->src/main/AndroidManifest.xml:5:5-65
11-->src/main/AndroidManifest.xml:5:22-62
12    <uses-permission
12-->src/main/AndroidManifest.xml:6:5-7:38
13        android:name="android.permission.WRITE_EXTERNAL_STORAGE"
13-->src/main/AndroidManifest.xml:6:22-78
14        android:maxSdkVersion="28" />
14-->src/main/AndroidManifest.xml:7:9-35
15    <uses-permission android:name="android.permission.INTERNET" />
15-->src/main/AndroidManifest.xml:8:5-67
15-->src/main/AndroidManifest.xml:8:22-64
16    <uses-permission android:name="android.permission.ACCESS_NETWORK_STATE" />
16-->src/main/AndroidManifest.xml:9:5-79
16-->src/main/AndroidManifest.xml:9:22-76
17    <uses-permission android:name="android.permission.ACCESS_WIFI_STATE" />
17-->src/main/AndroidManifest.xml:10:5-76
17-->src/main/AndroidManifest.xml:10:22-73
18    <uses-permission android:name="android.permission.CHANGE_WIFI_MULTICAST_STATE" />
18-->src/main/AndroidManifest.xml:11:5-86
18-->src/main/AndroidManifest.xml:11:22-83
19
20    <permission
20-->[androidx.core:core:1.9.0] AndroidManifest.xml:22:5-24:47
21        android:name="com.example.smartsplitter.DYNAMIC_RECEIVER_NOT_EXPORTED_PERMISSION"
21-->[androidx.core:core:1.9.0] AndroidManifest.xml:23:9-81
22        android:protectionLevel="signature" />
22-->[androidx.core:core:1.9.0] AndroidManifest.xml:24:9-44
23
24    <uses-permission android:name="com.example.smartsplitter.DYNAMIC_RECEIVER_NOT_EXPORTED_PERMISSION" /> <!-- Don't require camera, as this requires a rear camera. This allows it to work on the Nexus 7 -->
24-->[androidx.core:core:1.9.0] AndroidManifest.xml:26:5-97
24-->[androidx.core:core:1.9.0] AndroidManifest.xml:26:22-94
25    <uses-feature
25-->[com.journeyapps:zxing-android-embedded:4.3.0] AndroidManifest.xml:25:5-27:36
26        android:name="android.hardware.camera"
26-->[com.journeyapps:zxing-android-embedded:4.3.0] AndroidManifest.xml:26:9-47
27        android:required="false" />
27-->[com.journeyapps:zxing-android-embedded:4.3.0] AndroidManifest.xml:27:9-33
28    <uses-feature
28-->[com.journeyapps:zxing-android-embedded:4.3.0] AndroidManifest.xml:28:5-30:36
29        android:name="android.hardware.camera.front"
29-->[com.journeyapps:zxing-android-embedded:4.3.0] AndroidManifest.xml:29:9-53
30        android:required="false" /> <!-- TODO replace above two with next line after Android 4.2 -->
30-->[com.journeyapps:zxing-android-embedded:4.3.0] AndroidManifest.xml:30:9-33
31    <!-- <uses-feature android:name="android.hardware.camera.any"/> -->
32    <uses-feature
32-->[com.journeyapps:zxing-android-embedded:4.3.0] AndroidManifest.xml:33:5-35:36
33        android:name="android.hardware.camera.autofocus"
33-->[com.journeyapps:zxing-android-embedded:4.3.0] AndroidManifest.xml:34:9-57
34        android:required="false" />
34-->[com.journeyapps:zxing-android-embedded:4.3.0] AndroidManifest.xml:35:9-33
35    <uses-feature
35-->[com.journeyapps:zxing-android-embedded:4.3.0] AndroidManifest.xml:36:5-38:36
36        android:name="android.hardware.camera.flash"
36-->[com.journeyapps:zxing-android-embedded:4.3.0] AndroidManifest.xml:37:9-53
37        android:required="false" />
37-->[com.journeyapps:zxing-android-embedded:4.3.0] AndroidManifest.xml:38:9-33
38    <uses-feature
38-->[com.journeyapps:zxing-android-embedded:4.3.0] AndroidManifest.xml:39:5-41:36
39        android:name="android.hardware.screen.landscape"
39-->[com.journeyapps:zxing-android-embedded:4.3.0] AndroidManifest.xml:40:9-57
40        android:required="false" />
40-->[com.journeyapps:zxing-android-embedded:4.3.0] AndroidManifest.xml:41:9-33
41    <uses-feature
41-->[com.journeyapps:zxing-android-embedded:4.3.0] AndroidManifest.xml:42:5-44:36
42        android:name="android.hardware.wifi"
42-->[com.journeyapps:zxing-android-embedded:4.3.0] AndroidManifest.xml:43:9-45
43        android:required="false" /> <!-- Android 10+ uses scoped storage, so WRITE_EXTERNAL_STORAGE is often not needed for MediaStore -->
43-->[com.journeyapps:zxing-android-embedded:4.3.0] AndroidManifest.xml:44:9-33
44    <application
44-->src/main/AndroidManifest.xml:14:5-42:19
45        android:name="com.example.smartsplitter.SmartSplitterApp"
45-->src/main/AndroidManifest.xml:15:9-41
46        android:allowBackup="true"
46-->src/main/AndroidManifest.xml:16:9-35
47        android:appComponentFactory="androidx.core.app.CoreComponentFactory"
47-->[androidx.core:core:1.9.0] AndroidManifest.xml:28:18-86
48        android:dataExtractionRules="@xml/data_extraction_rules"
48-->src/main/AndroidManifest.xml:17:9-65
49        android:debuggable="true"
50        android:extractNativeLibs="false"
51        android:fullBackupContent="@xml/backup_rules"
51-->src/main/AndroidManifest.xml:18:9-54
52        android:icon="@drawable/app_logo"
52-->src/main/AndroidManifest.xml:19:9-42
53        android:label="@string/app_name"
53-->src/main/AndroidManifest.xml:20:9-41
54        android:roundIcon="@drawable/app_logo"
54-->src/main/AndroidManifest.xml:21:9-47
55        android:supportsRtl="true"
55-->src/main/AndroidManifest.xml:22:9-35
56        android:testOnly="true"
57        android:theme="@style/Theme.SmartSplitter" >
57-->src/main/AndroidManifest.xml:23:9-51
58        <activity
58-->src/main/AndroidManifest.xml:26:9-34:20
59            android:name="com.example.smartsplitter.MainActivity"
59-->src/main/AndroidManifest.xml:27:13-41
60            android:exported="true"
60-->src/main/AndroidManifest.xml:28:13-36
61            android:theme="@style/Theme.SmartSplitter" >
61-->src/main/AndroidManifest.xml:29:13-55
62            <intent-filter>
62-->src/main/AndroidManifest.xml:30:13-33:29
63                <action android:name="android.intent.action.MAIN" />
63-->src/main/AndroidManifest.xml:31:17-69
63-->src/main/AndroidManifest.xml:31:25-66
64
65                <category android:name="android.intent.category.LAUNCHER" />
65-->src/main/AndroidManifest.xml:32:17-77
65-->src/main/AndroidManifest.xml:32:27-74
66            </intent-filter>
67        </activity>
68        <activity
68-->src/main/AndroidManifest.xml:36:9-40:58
69            android:name="com.example.smartsplitter.auth.AuthActivity"
69-->src/main/AndroidManifest.xml:37:13-46
70            android:exported="false"
70-->src/main/AndroidManifest.xml:38:13-37
71            android:theme="@style/Theme.SmartSplitter"
71-->src/main/AndroidManifest.xml:39:13-55
72            android:windowSoftInputMode="adjustResize" />
72-->src/main/AndroidManifest.xml:40:13-55
73
74        <provider
74-->[androidx.emoji2:emoji2:1.2.0] AndroidManifest.xml:24:9-32:20
75            android:name="androidx.startup.InitializationProvider"
75-->[androidx.emoji2:emoji2:1.2.0] AndroidManifest.xml:25:13-67
76            android:authorities="com.example.smartsplitter.androidx-startup"
76-->[androidx.emoji2:emoji2:1.2.0] AndroidManifest.xml:26:13-68
77            android:exported="false" >
77-->[androidx.emoji2:emoji2:1.2.0] AndroidManifest.xml:27:13-37
78            <meta-data
78-->[androidx.emoji2:emoji2:1.2.0] AndroidManifest.xml:29:13-31:52
79                android:name="androidx.emoji2.text.EmojiCompatInitializer"
79-->[androidx.emoji2:emoji2:1.2.0] AndroidManifest.xml:30:17-75
80                android:value="androidx.startup" />
80-->[androidx.emoji2:emoji2:1.2.0] AndroidManifest.xml:31:17-49
81            <meta-data
81-->[androidx.lifecycle:lifecycle-process:2.6.2] AndroidManifest.xml:29:13-31:52
82                android:name="androidx.lifecycle.ProcessLifecycleInitializer"
82-->[androidx.lifecycle:lifecycle-process:2.6.2] AndroidManifest.xml:30:17-78
83                android:value="androidx.startup" />
83-->[androidx.lifecycle:lifecycle-process:2.6.2] AndroidManifest.xml:31:17-49
84            <meta-data
84-->[androidx.profileinstaller:profileinstaller:1.3.0] AndroidManifest.xml:29:13-31:52
85                android:name="androidx.profileinstaller.ProfileInstallerInitializer"
85-->[androidx.profileinstaller:profileinstaller:1.3.0] AndroidManifest.xml:30:17-85
86                android:value="androidx.startup" />
86-->[androidx.profileinstaller:profileinstaller:1.3.0] AndroidManifest.xml:31:17-49
87        </provider>
88
89        <service
89-->[androidx.room:room-runtime:2.6.1] AndroidManifest.xml:24:9-28:63
90            android:name="androidx.room.MultiInstanceInvalidationService"
90-->[androidx.room:room-runtime:2.6.1] AndroidManifest.xml:25:13-74
91            android:directBootAware="true"
91-->[androidx.room:room-runtime:2.6.1] AndroidManifest.xml:26:13-43
92            android:exported="false" />
92-->[androidx.room:room-runtime:2.6.1] AndroidManifest.xml:27:13-37
93
94        <activity
94-->[com.journeyapps:zxing-android-embedded:4.3.0] AndroidManifest.xml:47:9-53:63
95            android:name="com.journeyapps.barcodescanner.CaptureActivity"
95-->[com.journeyapps:zxing-android-embedded:4.3.0] AndroidManifest.xml:48:13-74
96            android:clearTaskOnLaunch="true"
96-->[com.journeyapps:zxing-android-embedded:4.3.0] AndroidManifest.xml:49:13-45
97            android:screenOrientation="sensorLandscape"
97-->[com.journeyapps:zxing-android-embedded:4.3.0] AndroidManifest.xml:50:13-56
98            android:stateNotNeeded="true"
98-->[com.journeyapps:zxing-android-embedded:4.3.0] AndroidManifest.xml:51:13-42
99            android:theme="@style/zxing_CaptureTheme"
99-->[com.journeyapps:zxing-android-embedded:4.3.0] AndroidManifest.xml:52:13-54
100            android:windowSoftInputMode="stateAlwaysHidden" />
100-->[com.journeyapps:zxing-android-embedded:4.3.0] AndroidManifest.xml:53:13-60
101
102        <receiver
102-->[androidx.profileinstaller:profileinstaller:1.3.0] AndroidManifest.xml:34:9-52:20
103            android:name="androidx.profileinstaller.ProfileInstallReceiver"
103-->[androidx.profileinstaller:profileinstaller:1.3.0] AndroidManifest.xml:35:13-76
104            android:directBootAware="false"
104-->[androidx.profileinstaller:profileinstaller:1.3.0] AndroidManifest.xml:36:13-44
105            android:enabled="true"
105-->[androidx.profileinstaller:profileinstaller:1.3.0] AndroidManifest.xml:37:13-35
106            android:exported="true"
106-->[androidx.profileinstaller:profileinstaller:1.3.0] AndroidManifest.xml:38:13-36
107            android:permission="android.permission.DUMP" >
107-->[androidx.profileinstaller:profileinstaller:1.3.0] AndroidManifest.xml:39:13-57
108            <intent-filter>
108-->[androidx.profileinstaller:profileinstaller:1.3.0] AndroidManifest.xml:40:13-42:29
109                <action android:name="androidx.profileinstaller.action.INSTALL_PROFILE" />
109-->[androidx.profileinstaller:profileinstaller:1.3.0] AndroidManifest.xml:41:17-91
109-->[androidx.profileinstaller:profileinstaller:1.3.0] AndroidManifest.xml:41:25-88
110            </intent-filter>
111            <intent-filter>
111-->[androidx.profileinstaller:profileinstaller:1.3.0] AndroidManifest.xml:43:13-45:29
112                <action android:name="androidx.profileinstaller.action.SKIP_FILE" />
112-->[androidx.profileinstaller:profileinstaller:1.3.0] AndroidManifest.xml:44:17-85
112-->[androidx.profileinstaller:profileinstaller:1.3.0] AndroidManifest.xml:44:25-82
113            </intent-filter>
114            <intent-filter>
114-->[androidx.profileinstaller:profileinstaller:1.3.0] AndroidManifest.xml:46:13-48:29
115                <action android:name="androidx.profileinstaller.action.SAVE_PROFILE" />
115-->[androidx.profileinstaller:profileinstaller:1.3.0] AndroidManifest.xml:47:17-88
115-->[androidx.profileinstaller:profileinstaller:1.3.0] AndroidManifest.xml:47:25-85
116            </intent-filter>
117            <intent-filter>
117-->[androidx.profileinstaller:profileinstaller:1.3.0] AndroidManifest.xml:49:13-51:29
118                <action android:name="androidx.profileinstaller.action.BENCHMARK_OPERATION" />
118-->[androidx.profileinstaller:profileinstaller:1.3.0] AndroidManifest.xml:50:17-95
118-->[androidx.profileinstaller:profileinstaller:1.3.0] AndroidManifest.xml:50:25-92
119            </intent-filter>
120        </receiver>
121    </application>
122
123</manifest>